<?xml version="1.0" encoding="UTF-8"?>
<!-- Generated by org.testng.reporters.JUnitReportReporter -->
<testsuite hostname="CARMEL-QA3L" failures="0" tests="2" name="com.ecommerce.tests.TC_DeleteAddress_006" time="28.227" errors="0" timestamp="2023-11-10T18:49:56 IST" skipped="0">
  <testcase classname="com.ecommerce.tests.TC_DeleteAddress_006" name="deleteAddressRecord" time="13.824"/>
  <system-out>
    <![CDATA[Testcase deleteAddressRecord started successfully]]>
  </system-out>
  <testcase classname="com.ecommerce.tests.TC_DeleteAddress_006" name="deleteAddressRecord" time="14.403"/>
  <system-out>
    <![CDATA[Testcase deleteAddressRecord started successfully]]>
  </system-out>
</testsuite> <!-- com.ecommerce.tests.TC_DeleteAddress_006 -->
