<?xml version="1.0" encoding="UTF-8"?>
<!-- Generated by org.testng.reporters.JUnitReportReporter -->
<testsuite hostname="CARMEL-QA3L" failures="0" tests="3" name="com.ecommerce.tests.TC_Login_001" time="23.370" errors="0" timestamp="2023-11-10T18:49:56 IST" skipped="0">
  <testcase classname="com.ecommerce.tests.TC_Login_001" name="loginIntoApplicationTest" time="7.794"/>
  <system-out>
    <![CDATA[Testcase loginIntoApplicationTest started successfully]]>
  </system-out>
  <testcase classname="com.ecommerce.tests.TC_Login_001" name="checkRegisterationSection" time="8.098"/>
  <system-out>
    <![CDATA[Testcase checkRegisterationSection started successfully]]>
  </system-out>
  <testcase classname="com.ecommerce.tests.TC_Login_001" name="invalid" time="7.478"/>
  <system-out>
    <![CDATA[Testcase invalid started successfully]]>
  </system-out>
</testsuite> <!-- com.ecommerce.tests.TC_Login_001 -->
