<?xml version="1.0" encoding="UTF-8"?>
<!-- Generated by org.testng.reporters.JUnitReportReporter -->
<testsuite hostname="CARMEL-QA3L" failures="0" tests="1" name="com.ecommerce.tests.TC_Searching_007" time="9.343" errors="0" timestamp="2023-11-10T18:49:56 IST" skipped="0">
  <testcase classname="com.ecommerce.tests.TC_Searching_007" name="validateSearchedProductsName" time="9.343"/>
  <system-out>
    <![CDATA[Testcase validateSearchedProductsName started successfully]]>
  </system-out>
</testsuite> <!-- com.ecommerce.tests.TC_Searching_007 -->
