<?xml version="1.0" encoding="UTF-8"?>
<!-- Generated by org.testng.reporters.JUnitReportReporter -->
<testsuite hostname="CARMEL-QA3L" failures="0" tests="2" name="com.ecommerce.tests.TC_Register_003" time="18.284" errors="0" timestamp="2023-11-10T18:49:56 IST" skipped="0">
  <testcase classname="com.ecommerce.tests.TC_Register_003" name="checkRegisterUserNavigation" time="8.275"/>
  <system-out>
    <![CDATA[Testcase checkRegisterUserNavigation started successfully]]>
  </system-out>
  <testcase classname="com.ecommerce.tests.TC_Register_003" name="validateUserRegisteration" time="10.009"/>
  <system-out>
    <![CDATA[Testcase validateUserRegisteration started successfully]]>
  </system-out>
</testsuite> <!-- com.ecommerce.tests.TC_Register_003 -->
