<?xml version="1.0" encoding="UTF-8"?>
<!-- Generated by org.testng.reporters.JUnitReportReporter -->
<testsuite hostname="CARMEL-QA3L" failures="0" tests="1" name="com.ecommerce.tests.TC_PlaceAnOrder_008" time="20.848" errors="0" timestamp="2023-11-10T18:49:56 IST" skipped="0">
  <testcase classname="com.ecommerce.tests.TC_PlaceAnOrder_008" name="placeOrder" time="20.848"/>
  <system-out>
    <![CDATA[Testcase placeOrder started successfully]]>
  </system-out>
</testsuite> <!-- com.ecommerce.tests.TC_PlaceAnOrder_008 -->
