<?xml version="1.0" encoding="UTF-8"?>
<!-- Generated by org.testng.reporters.JUnitReportReporter -->
<testsuite hostname="CARMEL-QA3L" failures="0" tests="3" name="com.ecommerce.tests.TC_AddAddress_005" time="40.361" errors="0" timestamp="2023-11-10T18:49:56 IST" skipped="0">
  <testcase classname="com.ecommerce.tests.TC_AddAddress_005" name="addAddressFields" time="13.766"/>
  <system-out>
    <![CDATA[Testcase addAddressFields started successfully]]>
  </system-out>
  <testcase classname="com.ecommerce.tests.TC_AddAddress_005" name="addAddressFields" time="12.759"/>
  <system-out>
    <![CDATA[Testcase addAddressFields started successfully]]>
  </system-out>
  <testcase classname="com.ecommerce.tests.TC_AddAddress_005" name="userNavigationAddAddressPage" time="13.836"/>
  <system-out>
    <![CDATA[Testcase userNavigationAddAddressPage started successfully]]>
  </system-out>
</testsuite> <!-- com.ecommerce.tests.TC_AddAddress_005 -->
